\BOOKMARK [0][-]{chapter*.3}{Introduzione}{}
\BOOKMARK [0][-]{chapter.1}{Tecnologie utilizzate}{}
\BOOKMARK [1][-]{section.1.1}{Extensible 3D Markup Language}{chapter.1}
\BOOKMARK [1][-]{section.1.2}{Un nuovo standard all'orizzonte: HTML5}{chapter.1}
\BOOKMARK [1][-]{section.1.3}{WebGL: il 3d \(realmente\) nel web}{chapter.1}
\BOOKMARK [1][-]{section.1.4}{X3DOM}{chapter.1}
\BOOKMARK [0][-]{chapter.2}{L'editor Medea}{}
\BOOKMARK [1][-]{section.2.1}{Prerequisiti}{chapter.2}
\BOOKMARK [1][-]{section.2.2}{Strumenti di sviluppo}{chapter.2}
\BOOKMARK [2][-]{subsection.2.2.1}{Aptana Studio IDE}{section.2.2}
\BOOKMARK [2][-]{subsection.2.2.2}{Blender per il modeling 3D}{section.2.2}
\BOOKMARK [2][-]{subsection.2.2.3}{SVG con Raphael JavaScript Library}{section.2.2}
\BOOKMARK [1][-]{section.2.3}{Caso d'uso}{chapter.2}
\BOOKMARK [1][-]{section.2.4}{Le caratteristiche tecniche}{chapter.2}
\BOOKMARK [2][-]{subsection.2.4.1}{La struttura}{section.2.4}
\BOOKMARK [2][-]{subsection.2.4.2}{Il server: Webpy framework}{section.2.4}
\BOOKMARK [2][-]{subsection.2.4.3}{Il client: medea.js}{section.2.4}
\BOOKMARK [2][-]{subsection.2.4.4}{Il controller}{section.2.4}
\BOOKMARK [2][-]{subsection.2.4.5}{L'interfaccia finale}{section.2.4}
\BOOKMARK [0][-]{chapter*.14}{Conclusioni}{}
\BOOKMARK [0][-]{chapter*.14}{Bibliografia}{}
\BOOKMARK [0][-]{appendix.A}{Codice}{}
